<?xml version="1.0" encoding="UTF-8"?>
<!-- Generated by org.testng.reporters.JUnitXMLReporter -->
<testsuite ignored="2" hostname="LAPTOP-L81UKAGB" failures="1" tests="1" name="Test3(failed)" time="17.898" errors="0" timestamp="02 Sep 2023 15:52:33 GMT">
  <testcase classname="tests.DockerTests" name="launchamazonTest" time="1.413">
    <failure type="java.lang.AssertionError" message="expected [Amazon.com. Spend less. Smile more.] but found [Amazon.com]">
      <![CDATA[java.lang.AssertionError: expected [Amazon.com. Spend less. Smile more.] but found [Amazon.com]
at tests.DockerTests.launchamazonTest(DockerTests.java:74)
at java.base/java.util.concurrent.FutureTask.run(FutureTask.java:264)
at java.base/java.util.concurrent.ThreadPoolExecutor.runWorker(ThreadPoolExecutor.java:1136)
at java.base/java.util.concurrent.ThreadPoolExecutor$Worker.run(ThreadPoolExecutor.java:635)
at java.base/java.lang.Thread.run(Thread.java:833)
... Removed 22 stack frames]]>
    </failure>
  </testcase> <!-- launchamazonTest -->
  <testcase classname="tests.DockerTests" name="launchfacebookTest" time="0.0">
    <ignored/>
  </testcase> <!-- launchfacebookTest -->
  <testcase classname="tests.DockerTests" name="launchgoogleTest" time="0.0">
    <ignored/>
  </testcase> <!-- launchgoogleTest -->
</testsuite> <!-- Test3(failed) -->
